[2024-12-01 00:01:10][INFO] Script execution started
[2024-12-01 00:01:10][INFO] Successfully connected to database: mc403
[2024-12-01 00:01:10][INFO] Successfully connected to database: lms_remote_mood
[2024-12-01 00:01:10][INFO] Processing batch 1, offset: 0
[2024-12-01 00:01:10][INFO_DEBUG] UPDATE mdl_user SET 
                                email = e041782.odebode@dlc.ui.edu.ng
                                WHERE email = 'e041782.odebode@dlc.ui.edu.ng';UPDATE mdl_user SET 
                                email = e048237.muhammed@dlc.ui.edu.ng
                                WHERE email = 'oyindaakeem01@gmail.com';UPDATE mdl_user SET 
                                email = e048282.anwo@dlc.ui.edu.ng
                                WHERE email = 'emmaanwo@yahoo.com';UPDATE mdl_user SET 
                                email = e048573.daniel@dlc.ui.edu.ng
                                WHERE email = 'eslidaniel16@gmail.com';UPDATE mdl_user SET 
                                email = e048648.ganiyu@dlc.ui.edu.ng
                                WHERE email = 'ganiyusodiqeniola@gmail.com';UPDATE mdl_user SET 
                                email = e049480.folorunsho@dlc.ui.edu.ng
                                WHERE email = 'opdara@yahoo.co.uk';UPDATE mdl_user SET 
                                email = e049720.onalaja-adenaike@dlc.ui.edu.ng
                                WHERE email = 'ramoeleyun40@gmail.com';UPDATE mdl_user SET 
                                email = e050997.akpan@dlc.ui.edu.ng
                                WHERE email = 'E050997.akpan@dlc.ui.edu.ng';UPDATE mdl_user SET 
                                email = e051473.adeiza@dlc.ui.edu.ng
                                WHERE email = 'adepetfoods@gmail.com';UPDATE mdl_user SET 
                                email = e052202.ishola@dlc.ui.edu.ng
                                WHERE email = 'isholaridwanadisa@gmail.com';UPDATE mdl_user SET 
                                email = e052270.awotikun@dlc.ui.edu.ng
                                WHERE email = 'azeemoladimeji@gmail.com';UPDATE mdl_user SET 
                                email = e052106.iwatan@dlc.ui.edu.ng
                                WHERE email = 'iwatankafayat@gmail.com';UPDATE mdl_user SET 
                                email = e052119.oyakhire@dlc.ui.edu.ng
                                WHERE email = 'e052119.oyakhire@dlc.ui.edu.ng';UPDATE mdl_user SET 
                                email = e048631.olanrewaju@dlc.ui.edu.ng
                                WHERE email = 'olanrewajudestiny3@gmail.com';UPDATE mdl_user SET 
                                email = e049779.gbeke@dlc.ui.edu.ng
                                WHERE email = 'destinygbeke6@gmail.com';UPDATE mdl_user SET 
                                email = e049866.babatunde@dlc.ui.edu.ng
                                WHERE email = 'babatundezaccheaus87@gmail.com';UPDATE mdl_user SET 
                                email = e049975.oteniya@dlc.ui.edu.ng
                                WHERE email = 'oteniyacaroline@gmail.com';UPDATE mdl_user SET 
                                email = e049143.balogun@dlc.ui.edu.ng
                                WHERE email = 'isholaism@gmail.com';UPDATE mdl_user SET 
                                email = e049498.aigbodion@dlc.ui.edu.ng
                                WHERE email = 'ykdee2006@yahoo.com';UPDATE mdl_user SET 
                                email = e041704.omoniyi@dlc.ui.edu.ng
                                WHERE email = 'e041704.omoniyi@dlc.ui.edu.ng';UPDATE mdl_user SET 
                                email = e048395.akanji@dlc.ui.edu.ng
                                WHERE email = 'akanjigbolahan3@gmail.com';UPDATE mdl_user SET 
                                email = e050199.indyor@dlc.ui.edu.ng
                                WHERE email = 'mosesindyor1999@gmail.com';UPDATE mdl_user SET 
                                email = e048609.adepoju@dlc.ui.edu.ng
                                WHERE email = 'romokeadepoju2905@gmail.com';UPDATE mdl_user SET 
                                email = e049556.kamoru@dlc.ui.edu.ng
                                WHERE email = 'kkayode43@gmail.com';UPDATE mdl_user SET 
                                email = e017628.adebiyi@dlc.ui.edu.ng
                                WHERE email = 'e017628.adebiyi@dlc.ui.edu.ng';UPDATE mdl_user SET 
                                email = e025480.awowole@dlc.ui.edu.ng
                                WHERE email = 'e025480.awowole@dlc.ui.edu.ng';UPDATE mdl_user SET 
                                email = e028262.ayodele@dlc.ui.edu.ng
                                WHERE email = 'e028262.ayodele@dlc.ui.edu.ng';UPDATE mdl_user SET 
                                email = e028540.adeleke@dlc.ui.edu.ng
                                WHERE email = 'e028540.adeleke@dlc.ui.edu.ng';UPDATE mdl_user SET 
                                email = e033130.salisu@dlc.ui.edu.ng
                                WHERE email = 'e033130.salisu@dlc.ui.edu.ng';UPDATE mdl_user SET 
                                email = e033860.umunna@dlc.ui.edu.ng
                                WHERE email = 'e033860.umunna@dlc.ui.edu.ng';UPDATE mdl_user SET 
                                email = e035776.adeyemo@dlc.ui.edu.ng
                                WHERE email = 'e035776.adeyemo@dlc.ui.edu.ng';UPDATE mdl_user SET 
                                email = e035914.rabiu@dlc.ui.edu.ng
                                WHERE email = 'e035914.rabiu@dlc.ui.edu.ng';UPDATE mdl_user SET 
                                email = e036680.amos@dlc.ui.edu.ng
                                WHERE email = 'e036680.amos@dlc.ui.edu.ng';UPDATE mdl_user SET 
                                email = e038734.afolabi@dlc.ui.edu.ng
                                WHERE email = 'e038734.afolabi@dlc.ui.edu.ng';UPDATE mdl_user SET 
                                email = e038998.aregbesola@dlc.ui.edu.ng
                                WHERE email = 'e038998.aregbesola@dlc.ui.edu.ng';UPDATE mdl_user SET 
                                email = e039585.suleiman@dlc.ui.edu.ng
                                WHERE email = 'e039585.suleiman@dlc.ui.edu.ng';UPDATE mdl_user SET 
                                email = e039848.asaolu@dlc.ui.edu.ng
                                WHERE email = 'e039848.asaolu@dlc.ui.edu.ng';UPDATE mdl_user SET 
                                email = e040179.afolayan@dlc.ui.edu.ng
                                WHERE email = 'e040179.afolayan@dlc.ui.edu.ng';UPDATE mdl_user SET 
                                email = e041535.momoh@dlc.ui.edu.ng
                                WHERE email = 'e041535.momoh@dlc.ui.edu.ng';UPDATE mdl_user SET 
                                email = e042685.omotayo@dlc.ui.edu.ng
                                WHERE email = 'e042685.omotayo@dlc.ui.edu.ng';UPDATE mdl_user SET 
                                email = e042818.david@dlc.ui.edu.ng
                                WHERE email = 'e042818.david@dlc.ui.edu.ng';UPDATE mdl_user SET 
                                email = e044308.olaitan@dlc.ui.edu.ng
                                WHERE email = 'e044308.olaitan@dlc.ui.edu.ng';UPDATE mdl_user SET 
                                email = e045811.david@dlc.ui.edu.ng
                                WHERE email = 'e045831.okpara@dlc.ui.edu.ng';UPDATE mdl_user SET 
                                email = e045953.raheem@dlc.ui.edu.ng
                                WHERE email = 'e045953.raheem@dlc.ui.edu.ng';UPDATE mdl_user SET 
                                email = e047013.amogbon@dlc.ui.edu.ng
                                WHERE email = 'e047013.amogbon@dlc.ui.edu.ng';UPDATE mdl_user SET 
                                email = e048540.adedeji@dlc.ui.edu.ng
                                WHERE email = 'adedejisaheed101@gmail.com';UPDATE mdl_user SET 
                                email = e048644.olugidi@dlc.ui.edu.ng
                                WHERE email = 'olugidi2022@gmail.com';UPDATE mdl_user SET 
                                email = myeducationpursuit@gmail.com
                                WHERE email = 'myeducationpursuit@gmail.com';UPDATE mdl_user SET 
                                email = e049561.babatunde@dlc.ui.edu.ng
                                WHERE email = 'kennycruiz2015@gmail.com';UPDATE mdl_user SET 
                                email = e049725.afolayan@dlc.ui.edu.ng
                                WHERE email = 'elcyafolayan@gmail.com';UPDATE mdl_user SET 
                                email = e049787.ojo@dlc.ui.edu.ng
                                WHERE email = 'olalekanayomide4eva@gmail.com'
